<?xml version="1.0" encoding="UTF-8"?>
<testsuite name="MyJUnit" tests="1" skipped="0" failures="0" errors="0" timestamp="2025-07-15T10:52:58.729Z" hostname="DESKTOP-TD113K1" time="38.03">
  <properties/>
  <testcase name="Iframe Test" classname="MyJUnit" time="38.03"/>
  <system-out><![CDATA[]]></system-out>
  <system-err><![CDATA[]]></system-err>
</testsuite>
