<?xml version="1.0" encoding="UTF-8"?>
<testsuite name="MyJUnit" tests="1" skipped="0" failures="0" errors="0" timestamp="2025-07-14T07:30:02.639Z" hostname="DESKTOP-TD113K1" time="4.562">
  <properties/>
  <testcase name="Date Test" classname="MyJUnit" time="4.562"/>
  <system-out><![CDATA[]]></system-out>
  <system-err><![CDATA[]]></system-err>
</testsuite>
