<?xml version="1.0" encoding="UTF-8"?>
<testsuite name="MyJUnit" tests="1" skipped="0" failures="0" errors="0" timestamp="2025-07-14T11:10:06.257Z" hostname="DESKTOP-TD113K1" time="5.442">
  <properties/>
  <testcase name="Multiple Window Test" classname="MyJUnit" time="5.442"/>
  <system-out><![CDATA[]]></system-out>
  <system-err><![CDATA[]]></system-err>
</testsuite>
