<?xml version="1.0" encoding="UTF-8"?>
<testsuite name="MyJUnit" tests="1" skipped="0" failures="0" errors="0" timestamp="2025-07-13T06:38:17.462Z" hostname="DESKTOP-TD113K1" time="4.0">
  <properties/>
  <testcase name="visitSite()" classname="MyJUnit" time="4.0"/>
  <system-out><![CDATA[]]></system-out>
  <system-err><![CDATA[]]></system-err>
</testsuite>
