<?xml version="1.0" encoding="UTF-8"?>
<testsuite name="MyJUnit" tests="1" skipped="0" failures="0" errors="0" timestamp="2025-07-14T09:54:32.815Z" hostname="DESKTOP-TD113K1" time="7.132">
  <properties/>
  <testcase name="Select dropdown Test" classname="MyJUnit" time="7.132"/>
  <system-out><![CDATA[]]></system-out>
  <system-err><![CDATA[]]></system-err>
</testsuite>
