<?xml version="1.0" encoding="UTF-8"?>
<testsuite name="MyJUnit" tests="1" skipped="0" failures="0" errors="0" timestamp="2025-07-13T11:07:42.956Z" hostname="DESKTOP-TD113K1" time="4.745">
  <properties/>
  <testcase name="submitForm()" classname="MyJUnit" time="4.745"/>
  <system-out><![CDATA[]]></system-out>
  <system-err><![CDATA[]]></system-err>
</testsuite>
