<?xml version="1.0" encoding="UTF-8"?>
<testsuite name="MyJUnit" tests="12" skipped="0" failures="0" errors="0" timestamp="2025-07-16T04:22:05.621Z" hostname="DESKTOP-TD113K1" time="60.917">
  <properties/>
  <testcase name="Submit From test" classname="MyJUnit" time="5.052"/>
  <testcase name="Button test" classname="MyJUnit" time="1.66"/>
  <testcase name="Iframe Test" classname="MyJUnit" time="31.159"/>
  <testcase name="Multiple Window Test" classname="MyJUnit" time="1.505"/>
  <testcase name="Upload file Test" classname="MyJUnit" time="0.937"/>
  <testcase name="Scrap Data" classname="MyJUnit" time="1.137"/>
  <testcase name="Select dropdown Test" classname="MyJUnit" time="2.734"/>
  <testcase name="Mouse Hover Test" classname="MyJUnit" time="2.329"/>
  <testcase name="Multiple Tab Test" classname="MyJUnit" time="4.508"/>
  <testcase name="Alert Test" classname="MyJUnit" time="6.729"/>
  <testcase name="Check website title" classname="MyJUnit" time="2.233"/>
  <testcase name="Date Test" classname="MyJUnit" time="0.927"/>
  <system-out><![CDATA[Cierra
Vega
39
cierra@example.com
10000
Insurance

Alden
Cantrell
45
alden@example.com
12000
Compliance

Kierra
Gentry
29
kierra@example.com
2000
Legal

 
 
 
 
 
 
 
 
 
 
 
 
 
 
 
 
 
 
 
 
 
 
 
 
 
 
 
 
 
 
 
 
 
 
 
 
 
 
 
 
 
 
 
 
 
 
 
 
 
[E4A7C55E87B5A3B580A2323BB538C40A, 6337BBC2D9A7EE760FB76FD85353594C]
This is a sample page
]]></system-out>
  <system-err><![CDATA[]]></system-err>
</testsuite>
