<?xml version="1.0" encoding="UTF-8"?>
<testsuite name="MyJUnit" tests="1" skipped="0" failures="0" errors="0" timestamp="2025-07-15T11:26:01.768Z" hostname="DESKTOP-TD113K1" time="5.077">
  <properties/>
  <testcase name="Upload file Test" classname="MyJUnit" time="5.077"/>
  <system-out><![CDATA[]]></system-out>
  <system-err><![CDATA[]]></system-err>
</testsuite>
